Using pre-set license

 COMMAND LINE ARGUMENTS:
/Applications/Unity/Unity.app/Contents/MacOS/Unity
-adb2
-batchMode
-noUpm
-name
AssetImportWorker0
-projectPath
/Users/Goldium/Desktop/GameDev/Untitled/GameDevelopmentGroupProject/My project
-logFile
Logs/AssetImportWorker0.log
-srvPort
58931
Successfully changed project path to: /Users/Goldium/Desktop/GameDev/Untitled/GameDevelopmentGroupProject/My project
/Users/Goldium/Desktop/GameDev/Untitled/GameDevelopmentGroupProject/My project
Using Asset Import Pipeline V2.
Refreshing native plugins compatible for Editor in 98.49 ms, found 1 plugins.
Preloading 0 native plugins for Editor in 0.00 ms.
Initialize engine version: 2021.1.0f1 (61a549675243)
[Subsystems] Discovering subsystems at path /Applications/Unity/Unity.app/Contents/Resources/UnitySubsystems
[Subsystems] Discovering subsystems at path /Users/Goldium/Desktop/GameDev/Untitled/GameDevelopmentGroupProject/My project/Assets
GfxDevice: creating device client; threaded=0; jobified=0
2023-01-16 20:39:36.797 Unity[35073:1541173] (null) preferred device: Apple M1 (high power)
2023-01-16 20:39:36.798 Unity[35073:1541173] Metal devices available: 1
2023-01-16 20:39:36.798 Unity[35073:1541173] 0: Apple M1 (high power)
2023-01-16 20:39:36.798 Unity[35073:1541173] Using device Apple M1 (high power)
Initializing Metal device caps: Apple M1
Initialize mono
Mono path[0] = '/Applications/Unity/Unity.app/Contents/Managed'
Mono path[1] = '/Applications/Unity/Unity.app/Contents/MonoBleedingEdge/lib/mono/unityjit'
Mono config path = '/Applications/Unity/Unity.app/Contents/MonoBleedingEdge/etc'
Using monoOptions --debugger-agent=transport=dt_socket,embedding=1,server=y,suspend=n,address=127.0.0.1:56073
Begin MonoManager ReloadAssembly
Registering precompiled unity dll's ...
Register platform support module: /Applications/Unity/Unity.app/Contents/PlaybackEngines/MacStandaloneSupport/UnityEditor.OSXStandalone.Extensions.dll
Registered in 0.001150 seconds.
Native extension for OSXStandalone target not found
Refreshing native plugins compatible for Editor in 80.23 ms, found 1 plugins.
Preloading 0 native plugins for Editor in 0.00 ms.
Mono: successfully reloaded assembly
- Completed reload, in  2.826 seconds
Platform modules already initialized, skipping
Registering precompiled user dll's ...
Registered in 0.002484 seconds.
Begin MonoManager ReloadAssembly
Native extension for OSXStandalone target not found
Refreshing native plugins compatible for Editor in 0.54 ms, found 1 plugins.
Preloading 0 native plugins for Editor in 0.00 ms.
Mono: successfully reloaded assembly
- Completed reload, in  1.987 seconds
Platform modules already initialized, skipping
========================================================================
Worker process is ready to serve import requests
Launching external process: /Applications/Unity/Unity.app/Contents/Tools/UnityShaderCompiler
Launched and connected shader compiler UnityShaderCompiler after 0.17 seconds
Refreshing native plugins compatible for Editor in 0.53 ms, found 1 plugins.
Preloading 0 native plugins for Editor in 0.00 ms.
Unloading 2664 Unused Serialized files (Serialized files now loaded: 0)
System memory in use before: 219.2 MB.
System memory in use after: 219.4 MB.

Unloading 15 unused Assets to reduce memory usage. Loaded Objects now: 3115.
Total: 2.161875 ms (FindLiveObjects: 0.153959 ms CreateObjectMapping: 0.067625 ms MarkObjects: 1.862667 ms  DeleteObjects: 0.076708 ms)

========================================================================
Received Import Request.
  path: Assets/EnemyColour.mat
  artifactKey: Guid(874cbe02b57714a1c8455a94e2b759fb) Importer(815301076,1909f56bfc062723c751e8b465ee728b)
Start importing Assets/EnemyColour.mat using Guid(874cbe02b57714a1c8455a94e2b759fb) Importer(815301076,1909f56bfc062723c751e8b465ee728b)  -> (artifact id: '4544b7c836b2b73ecc5d5d999ef73cf1') in 0.981336 seconds 
========================================================================
Received Prepare
Registering precompiled user dll's ...
Registered in 0.001475 seconds.
Begin MonoManager ReloadAssembly
Native extension for OSXStandalone target not found
Refreshing native plugins compatible for Editor in 0.44 ms, found 1 plugins.
Preloading 0 native plugins for Editor in 0.00 ms.
Mono: successfully reloaded assembly
- Completed reload, in  1.889 seconds
Platform modules already initialized, skipping
Refreshing native plugins compatible for Editor in 0.40 ms, found 1 plugins.
Preloading 0 native plugins for Editor in 0.00 ms.
Unloading 2660 Unused Serialized files (Serialized files now loaded: 0)
System memory in use before: 227.9 MB.
System memory in use after: 228.0 MB.

Unloading 10 unused Assets to reduce memory usage. Loaded Objects now: 3159.
Total: 2.493000 ms (FindLiveObjects: 0.142834 ms CreateObjectMapping: 0.054667 ms MarkObjects: 2.235541 ms  DeleteObjects: 0.058791 ms)

========================================================================
Received Prepare
Registering precompiled user dll's ...
Registered in 0.001567 seconds.
Begin MonoManager ReloadAssembly
Native extension for OSXStandalone target not found
Refreshing native plugins compatible for Editor in 0.45 ms, found 1 plugins.
Preloading 0 native plugins for Editor in 0.00 ms.
Mono: successfully reloaded assembly
- Completed reload, in  2.059 seconds
Platform modules already initialized, skipping
Refreshing native plugins compatible for Editor in 0.45 ms, found 1 plugins.
Preloading 0 native plugins for Editor in 0.00 ms.
Unloading 2660 Unused Serialized files (Serialized files now loaded: 0)
System memory in use before: 228.1 MB.
System memory in use after: 228.3 MB.

Unloading 10 unused Assets to reduce memory usage. Loaded Objects now: 3162.
Total: 2.289667 ms (FindLiveObjects: 0.318375 ms CreateObjectMapping: 0.066584 ms MarkObjects: 1.714542 ms  DeleteObjects: 0.189166 ms)

========================================================================
Received Import Request.
  Time since last request: 380.280962 seconds.
  path: Assets/Enemy.prefab
  artifactKey: Guid(5a42f9f47a1264db7bd623454cf94f57) Importer(815301076,1909f56bfc062723c751e8b465ee728b)
Start importing Assets/Enemy.prefab using Guid(5a42f9f47a1264db7bd623454cf94f57) Importer(815301076,1909f56bfc062723c751e8b465ee728b)  -> (artifact id: '442c9a9e72ed6d820f8edd9331f32678') in 0.863343 seconds 
========================================================================
Received Prepare
Registering precompiled user dll's ...
Registered in 0.004836 seconds.
Begin MonoManager ReloadAssembly
Native extension for OSXStandalone target not found
Refreshing native plugins compatible for Editor in 0.43 ms, found 1 plugins.
Preloading 0 native plugins for Editor in 0.00 ms.
Mono: successfully reloaded assembly
- Completed reload, in  2.032 seconds
Platform modules already initialized, skipping
Refreshing native plugins compatible for Editor in 0.43 ms, found 1 plugins.
Preloading 0 native plugins for Editor in 0.00 ms.
Unloading 2660 Unused Serialized files (Serialized files now loaded: 0)
System memory in use before: 232.5 MB.
System memory in use after: 232.7 MB.

Unloading 10 unused Assets to reduce memory usage. Loaded Objects now: 3167.
Total: 1.391292 ms (FindLiveObjects: 0.138917 ms CreateObjectMapping: 0.052917 ms MarkObjects: 1.150208 ms  DeleteObjects: 0.048333 ms)

========================================================================
Received Prepare
Registering precompiled user dll's ...
Registered in 0.003164 seconds.
Begin MonoManager ReloadAssembly
Native extension for OSXStandalone target not found
Refreshing native plugins compatible for Editor in 0.58 ms, found 1 plugins.
Preloading 0 native plugins for Editor in 0.00 ms.
Mono: successfully reloaded assembly
- Completed reload, in  2.170 seconds
Platform modules already initialized, skipping
Refreshing native plugins compatible for Editor in 0.51 ms, found 1 plugins.
Preloading 0 native plugins for Editor in 0.00 ms.
Unloading 2661 Unused Serialized files (Serialized files now loaded: 0)
System memory in use before: 232.7 MB.
System memory in use after: 232.9 MB.

Unloading 10 unused Assets to reduce memory usage. Loaded Objects now: 3171.
Total: 2.059666 ms (FindLiveObjects: 0.198166 ms CreateObjectMapping: 0.104083 ms MarkObjects: 1.682417 ms  DeleteObjects: 0.073750 ms)

========================================================================
Received Prepare
Registering precompiled user dll's ...
Registered in 0.002048 seconds.
Begin MonoManager ReloadAssembly
Native extension for OSXStandalone target not found
Refreshing native plugins compatible for Editor in 0.46 ms, found 1 plugins.
Preloading 0 native plugins for Editor in 0.00 ms.
Mono: successfully reloaded assembly
- Completed reload, in  1.927 seconds
Platform modules already initialized, skipping
Refreshing native plugins compatible for Editor in 0.45 ms, found 1 plugins.
Preloading 0 native plugins for Editor in 0.00 ms.
Unloading 2661 Unused Serialized files (Serialized files now loaded: 0)
System memory in use before: 232.9 MB.
System memory in use after: 233.1 MB.

Unloading 10 unused Assets to reduce memory usage. Loaded Objects now: 3174.
Total: 1.394792 ms (FindLiveObjects: 0.145667 ms CreateObjectMapping: 0.062375 ms MarkObjects: 1.136083 ms  DeleteObjects: 0.049833 ms)

========================================================================
Received Import Request.
  Time since last request: 263.917573 seconds.
  path: Assets/Enemy.prefab
  artifactKey: Guid(5a42f9f47a1264db7bd623454cf94f57) Importer(815301076,1909f56bfc062723c751e8b465ee728b)
Start importing Assets/Enemy.prefab using Guid(5a42f9f47a1264db7bd623454cf94f57) Importer(815301076,1909f56bfc062723c751e8b465ee728b)  -> (artifact id: '2b8e3c1ac2050590a7c3617acf12a213') in 0.180130 seconds 
========================================================================
Received Prepare
Registering precompiled user dll's ...
Registered in 0.001511 seconds.
Begin MonoManager ReloadAssembly
Native extension for OSXStandalone target not found
Refreshing native plugins compatible for Editor in 0.46 ms, found 1 plugins.
Preloading 0 native plugins for Editor in 0.00 ms.
Mono: successfully reloaded assembly
- Completed reload, in  2.115 seconds
Platform modules already initialized, skipping
Refreshing native plugins compatible for Editor in 0.47 ms, found 1 plugins.
Preloading 0 native plugins for Editor in 0.00 ms.
Unloading 2661 Unused Serialized files (Serialized files now loaded: 0)
System memory in use before: 233.2 MB.
System memory in use after: 233.4 MB.

Unloading 10 unused Assets to reduce memory usage. Loaded Objects now: 3178.
Total: 8.771792 ms (FindLiveObjects: 0.306333 ms CreateObjectMapping: 0.077584 ms MarkObjects: 8.134333 ms  DeleteObjects: 0.251792 ms)

========================================================================
Received Import Request.
  Time since last request: 402.476887 seconds.
  path: Assets/Enemy.prefab
  artifactKey: Guid(5a42f9f47a1264db7bd623454cf94f57) Importer(815301076,1909f56bfc062723c751e8b465ee728b)
Start importing Assets/Enemy.prefab using Guid(5a42f9f47a1264db7bd623454cf94f57) Importer(815301076,1909f56bfc062723c751e8b465ee728b)  -> (artifact id: '7203395d772270100db2edc71ffec7e8') in 0.238227 seconds 
========================================================================
Received Prepare
Registering precompiled user dll's ...
Registered in 0.002824 seconds.
Begin MonoManager ReloadAssembly
Native extension for OSXStandalone target not found
Refreshing native plugins compatible for Editor in 0.52 ms, found 1 plugins.
Preloading 0 native plugins for Editor in 0.00 ms.
Mono: successfully reloaded assembly
- Completed reload, in  1.992 seconds
Platform modules already initialized, skipping
Refreshing native plugins compatible for Editor in 0.42 ms, found 1 plugins.
Preloading 0 native plugins for Editor in 0.00 ms.
Unloading 2661 Unused Serialized files (Serialized files now loaded: 0)
System memory in use before: 233.4 MB.
System memory in use after: 233.6 MB.

Unloading 10 unused Assets to reduce memory usage. Loaded Objects now: 3182.
Total: 1.448958 ms (FindLiveObjects: 0.146375 ms CreateObjectMapping: 0.055333 ms MarkObjects: 1.192875 ms  DeleteObjects: 0.053208 ms)

========================================================================
Received Import Request.
  Time since last request: 34.577470 seconds.
  path: Assets/Enemy.prefab
  artifactKey: Guid(5a42f9f47a1264db7bd623454cf94f57) Importer(815301076,1909f56bfc062723c751e8b465ee728b)
Start importing Assets/Enemy.prefab using Guid(5a42f9f47a1264db7bd623454cf94f57) Importer(815301076,1909f56bfc062723c751e8b465ee728b)  -> (artifact id: '5b4e527de3079f148ac03668a0c65f86') in 0.160839 seconds 
========================================================================
Received Prepare
Registering precompiled user dll's ...
Registered in 0.001571 seconds.
Begin MonoManager ReloadAssembly
Native extension for OSXStandalone target not found
Refreshing native plugins compatible for Editor in 0.47 ms, found 1 plugins.
Preloading 0 native plugins for Editor in 0.00 ms.
Mono: successfully reloaded assembly
- Completed reload, in  2.032 seconds
Platform modules already initialized, skipping
Refreshing native plugins compatible for Editor in 0.51 ms, found 1 plugins.
Preloading 0 native plugins for Editor in 0.00 ms.
Unloading 2661 Unused Serialized files (Serialized files now loaded: 0)
System memory in use before: 233.6 MB.
System memory in use after: 233.8 MB.

Unloading 10 unused Assets to reduce memory usage. Loaded Objects now: 3186.
Total: 1.541375 ms (FindLiveObjects: 0.179667 ms CreateObjectMapping: 0.059500 ms MarkObjects: 1.238250 ms  DeleteObjects: 0.062875 ms)

========================================================================
Received Import Request.
  Time since last request: 139.928265 seconds.
  path: Assets/Enemy.prefab
  artifactKey: Guid(5a42f9f47a1264db7bd623454cf94f57) Importer(815301076,1909f56bfc062723c751e8b465ee728b)
Start importing Assets/Enemy.prefab using Guid(5a42f9f47a1264db7bd623454cf94f57) Importer(815301076,1909f56bfc062723c751e8b465ee728b)  -> (artifact id: '7c4bca82d65b76dff3526e7b1c19b62a') in 0.178049 seconds 
========================================================================
Received Prepare
Registering precompiled user dll's ...
Registered in 0.051830 seconds.
Begin MonoManager ReloadAssembly
Native extension for OSXStandalone target not found
Refreshing native plugins compatible for Editor in 0.46 ms, found 1 plugins.
Preloading 0 native plugins for Editor in 0.00 ms.
Mono: successfully reloaded assembly
- Completed reload, in  2.050 seconds
Platform modules already initialized, skipping
Refreshing native plugins compatible for Editor in 0.41 ms, found 1 plugins.
Preloading 0 native plugins for Editor in 0.00 ms.
Unloading 2661 Unused Serialized files (Serialized files now loaded: 0)
System memory in use before: 233.9 MB.
System memory in use after: 234.1 MB.

Unloading 10 unused Assets to reduce memory usage. Loaded Objects now: 3190.
Total: 1.452292 ms (FindLiveObjects: 0.148417 ms CreateObjectMapping: 0.057375 ms MarkObjects: 1.191958 ms  DeleteObjects: 0.053416 ms)

========================================================================
Received Prepare
Registering precompiled user dll's ...
Registered in 0.002798 seconds.
Begin MonoManager ReloadAssembly
Native extension for OSXStandalone target not found
Refreshing native plugins compatible for Editor in 0.46 ms, found 1 plugins.
Preloading 0 native plugins for Editor in 0.00 ms.
Mono: successfully reloaded assembly
- Completed reload, in  2.042 seconds
Platform modules already initialized, skipping
Refreshing native plugins compatible for Editor in 0.31 ms, found 1 plugins.
Preloading 0 native plugins for Editor in 0.00 ms.
Unloading 2661 Unused Serialized files (Serialized files now loaded: 0)
System memory in use before: 234.1 MB.
System memory in use after: 234.3 MB.

Unloading 10 unused Assets to reduce memory usage. Loaded Objects now: 3193.
Total: 1.432000 ms (FindLiveObjects: 0.147458 ms CreateObjectMapping: 0.056750 ms MarkObjects: 1.166875 ms  DeleteObjects: 0.059833 ms)

========================================================================
Received Import Request.
  Time since last request: 147.147895 seconds.
  path: Assets/Enemy.prefab
  artifactKey: Guid(5a42f9f47a1264db7bd623454cf94f57) Importer(815301076,1909f56bfc062723c751e8b465ee728b)
Start importing Assets/Enemy.prefab using Guid(5a42f9f47a1264db7bd623454cf94f57) Importer(815301076,1909f56bfc062723c751e8b465ee728b)  -> (artifact id: 'bd66b7421fa198fedd393f927c77e7b3') in 0.205707 seconds 
========================================================================
Received Prepare
Registering precompiled user dll's ...
Registered in 0.005610 seconds.
Begin MonoManager ReloadAssembly
Native extension for OSXStandalone target not found
Refreshing native plugins compatible for Editor in 0.53 ms, found 1 plugins.
Preloading 0 native plugins for Editor in 0.00 ms.
Mono: successfully reloaded assembly
- Completed reload, in  2.015 seconds
Platform modules already initialized, skipping
Refreshing native plugins compatible for Editor in 0.41 ms, found 1 plugins.
Preloading 0 native plugins for Editor in 0.00 ms.
Unloading 2661 Unused Serialized files (Serialized files now loaded: 0)
System memory in use before: 234.3 MB.
System memory in use after: 234.5 MB.

Unloading 10 unused Assets to reduce memory usage. Loaded Objects now: 3197.
Total: 1.951042 ms (FindLiveObjects: 0.295792 ms CreateObjectMapping: 0.057500 ms MarkObjects: 1.534875 ms  DeleteObjects: 0.061833 ms)

========================================================================
Received Import Request.
  Time since last request: 215.320623 seconds.
  path: Assets/EnemyColour.mat
  artifactKey: Guid(874cbe02b57714a1c8455a94e2b759fb) Importer(815301076,1909f56bfc062723c751e8b465ee728b)
Start importing Assets/EnemyColour.mat using Guid(874cbe02b57714a1c8455a94e2b759fb) Importer(815301076,1909f56bfc062723c751e8b465ee728b)  -> (artifact id: '25f62391998e8d68c60eaf24e6530f48') in 0.554148 seconds 
