Using pre-set license

 COMMAND LINE ARGUMENTS:
/Applications/Unity/Unity.app/Contents/MacOS/Unity
-adb2
-batchMode
-noUpm
-name
AssetImportWorker0
-projectPath
/Users/Goldium/Desktop/GameDev/Untitled/GameDevelopmentGroupProject/GameDevProjectPostonItch
-logFile
Logs/AssetImportWorker0.log
-srvPort
50395
Successfully changed project path to: /Users/Goldium/Desktop/GameDev/Untitled/GameDevelopmentGroupProject/GameDevProjectPostonItch
/Users/Goldium/Desktop/GameDev/Untitled/GameDevelopmentGroupProject/GameDevProjectPostonItch
Using Asset Import Pipeline V2.
Refreshing native plugins compatible for Editor in 103.88 ms, found 1 plugins.
Preloading 0 native plugins for Editor in 0.00 ms.
Initialize engine version: 2021.1.0f1 (61a549675243)
[Subsystems] Discovering subsystems at path /Applications/Unity/Unity.app/Contents/Resources/UnitySubsystems
[Subsystems] Discovering subsystems at path /Users/Goldium/Desktop/GameDev/Untitled/GameDevelopmentGroupProject/GameDevProjectPostonItch/Assets
GfxDevice: creating device client; threaded=0; jobified=0
2023-02-26 17:24:01.897 Unity[47683:7002808] (null) preferred device: Apple M1 (high power)
2023-02-26 17:24:01.897 Unity[47683:7002808] Metal devices available: 1
2023-02-26 17:24:01.897 Unity[47683:7002808] 0: Apple M1 (high power)
2023-02-26 17:24:01.897 Unity[47683:7002808] Using device Apple M1 (high power)
Initializing Metal device caps: Apple M1
Initialize mono
Mono path[0] = '/Applications/Unity/Unity.app/Contents/Managed'
Mono path[1] = '/Applications/Unity/Unity.app/Contents/MonoBleedingEdge/lib/mono/unityjit'
Mono config path = '/Applications/Unity/Unity.app/Contents/MonoBleedingEdge/etc'
Using monoOptions --debugger-agent=transport=dt_socket,embedding=1,server=y,suspend=n,address=127.0.0.1:56683
Begin MonoManager ReloadAssembly
Registering precompiled unity dll's ...
Register platform support module: /Applications/Unity/Unity.app/Contents/PlaybackEngines/MacStandaloneSupport/UnityEditor.OSXStandalone.Extensions.dll
Registered in 0.001061 seconds.
Native extension for OSXStandalone target not found
Refreshing native plugins compatible for Editor in 78.86 ms, found 1 plugins.
Preloading 0 native plugins for Editor in 0.00 ms.
Mono: successfully reloaded assembly
- Completed reload, in  2.757 seconds
Platform modules already initialized, skipping
Registering precompiled user dll's ...
Registered in 0.002582 seconds.
Begin MonoManager ReloadAssembly
Native extension for OSXStandalone target not found
Refreshing native plugins compatible for Editor in 0.46 ms, found 1 plugins.
Preloading 0 native plugins for Editor in 0.00 ms.
Mono: successfully reloaded assembly
- Completed reload, in  1.932 seconds
Platform modules already initialized, skipping
========================================================================
Worker process is ready to serve import requests
Launching external process: /Applications/Unity/Unity.app/Contents/Tools/UnityShaderCompiler
Launched and connected shader compiler UnityShaderCompiler after 0.23 seconds
Refreshing native plugins compatible for Editor in 0.43 ms, found 1 plugins.
Preloading 0 native plugins for Editor in 0.00 ms.
Unloading 2669 Unused Serialized files (Serialized files now loaded: 0)
System memory in use before: 219.8 MB.
System memory in use after: 220.0 MB.

Unloading 15 unused Assets to reduce memory usage. Loaded Objects now: 3120.
Total: 2.409167 ms (FindLiveObjects: 0.159208 ms CreateObjectMapping: 0.052458 ms MarkObjects: 2.088500 ms  DeleteObjects: 0.107875 ms)

========================================================================
Received Import Request.
  path: Assets/Bullet.prefab
  artifactKey: Guid(7de37fa5b89d94aefa7640e360460f58) Importer(815301076,1909f56bfc062723c751e8b465ee728b)
Start importing Assets/Bullet.prefab using Guid(7de37fa5b89d94aefa7640e360460f58) Importer(815301076,1909f56bfc062723c751e8b465ee728b)  -> (artifact id: '3aa9f310791739d9b333c1870ceac630') in 0.343243 seconds 
========================================================================
Received Import Request.
  Time since last request: 98.387172 seconds.
  path: Assets/Enemy.prefab
  artifactKey: Guid(5a42f9f47a1264db7bd623454cf94f57) Importer(815301076,1909f56bfc062723c751e8b465ee728b)
Start importing Assets/Enemy.prefab using Guid(5a42f9f47a1264db7bd623454cf94f57) Importer(815301076,1909f56bfc062723c751e8b465ee728b)  -> (artifact id: '460fa6dc8f1e0407402e7d2f6c7a6619') in 0.051683 seconds 
========================================================================
Received Prepare
Registering precompiled user dll's ...
Registered in 0.002201 seconds.
Begin MonoManager ReloadAssembly
Native extension for OSXStandalone target not found
Refreshing native plugins compatible for Editor in 0.45 ms, found 1 plugins.
Preloading 0 native plugins for Editor in 0.00 ms.
Mono: successfully reloaded assembly
- Completed reload, in  1.941 seconds
Platform modules already initialized, skipping
Refreshing native plugins compatible for Editor in 0.50 ms, found 1 plugins.
Preloading 0 native plugins for Editor in 0.00 ms.
Unloading 2664 Unused Serialized files (Serialized files now loaded: 0)
System memory in use before: 228.2 MB.
System memory in use after: 228.4 MB.

Unloading 10 unused Assets to reduce memory usage. Loaded Objects now: 3132.
Total: 2.877250 ms (FindLiveObjects: 0.195417 ms CreateObjectMapping: 0.053875 ms MarkObjects: 2.430167 ms  DeleteObjects: 0.197000 ms)

========================================================================
Received Prepare
Registering precompiled user dll's ...
Registered in 0.001561 seconds.
Begin MonoManager ReloadAssembly
Native extension for OSXStandalone target not found
Refreshing native plugins compatible for Editor in 0.47 ms, found 1 plugins.
Preloading 0 native plugins for Editor in 0.00 ms.
Mono: successfully reloaded assembly
- Completed reload, in  1.990 seconds
Platform modules already initialized, skipping
Refreshing native plugins compatible for Editor in 0.45 ms, found 1 plugins.
Preloading 0 native plugins for Editor in 0.00 ms.
Unloading 2664 Unused Serialized files (Serialized files now loaded: 0)
System memory in use before: 228.5 MB.
System memory in use after: 228.6 MB.

Unloading 10 unused Assets to reduce memory usage. Loaded Objects now: 3135.
Total: 1.555291 ms (FindLiveObjects: 0.244459 ms CreateObjectMapping: 0.060375 ms MarkObjects: 1.193959 ms  DeleteObjects: 0.055500 ms)

========================================================================
Received Prepare
Registering precompiled user dll's ...
Registered in 0.003354 seconds.
Begin MonoManager ReloadAssembly
Native extension for OSXStandalone target not found
Refreshing native plugins compatible for Editor in 0.44 ms, found 1 plugins.
Preloading 0 native plugins for Editor in 0.00 ms.
Mono: successfully reloaded assembly
- Completed reload, in  1.963 seconds
Platform modules already initialized, skipping
Refreshing native plugins compatible for Editor in 0.36 ms, found 1 plugins.
Preloading 0 native plugins for Editor in 0.00 ms.
Unloading 2664 Unused Serialized files (Serialized files now loaded: 0)
System memory in use before: 228.7 MB.
System memory in use after: 228.9 MB.

Unloading 10 unused Assets to reduce memory usage. Loaded Objects now: 3138.
Total: 1.424000 ms (FindLiveObjects: 0.174750 ms CreateObjectMapping: 0.053708 ms MarkObjects: 1.145542 ms  DeleteObjects: 0.049042 ms)

========================================================================
Received Prepare
Registering precompiled user dll's ...
Registered in 0.003188 seconds.
Begin MonoManager ReloadAssembly
Native extension for OSXStandalone target not found
Refreshing native plugins compatible for Editor in 0.43 ms, found 1 plugins.
Preloading 0 native plugins for Editor in 0.00 ms.
Mono: successfully reloaded assembly
- Completed reload, in  1.952 seconds
Platform modules already initialized, skipping
Refreshing native plugins compatible for Editor in 0.38 ms, found 1 plugins.
Preloading 0 native plugins for Editor in 0.00 ms.
Unloading 2664 Unused Serialized files (Serialized files now loaded: 0)
System memory in use before: 228.9 MB.
System memory in use after: 229.1 MB.

Unloading 10 unused Assets to reduce memory usage. Loaded Objects now: 3141.
Total: 1.356584 ms (FindLiveObjects: 0.166084 ms CreateObjectMapping: 0.052416 ms MarkObjects: 1.091750 ms  DeleteObjects: 0.045542 ms)

========================================================================
Received Import Request.
  Time since last request: 201.878196 seconds.
  path: Assets/Bullet.prefab
  artifactKey: Guid(7de37fa5b89d94aefa7640e360460f58) Importer(815301076,1909f56bfc062723c751e8b465ee728b)
Start importing Assets/Bullet.prefab using Guid(7de37fa5b89d94aefa7640e360460f58) Importer(815301076,1909f56bfc062723c751e8b465ee728b)  -> (artifact id: 'f46f6fedc8baeb27b1efcded4c29609f') in 0.177309 seconds 
========================================================================
Received Import Request.
  Time since last request: 7.469428 seconds.
  path: Assets/Bullet.prefab
  artifactKey: Guid(7de37fa5b89d94aefa7640e360460f58) Importer(815301076,1909f56bfc062723c751e8b465ee728b)
Start importing Assets/Bullet.prefab using Guid(7de37fa5b89d94aefa7640e360460f58) Importer(815301076,1909f56bfc062723c751e8b465ee728b)  -> (artifact id: '82315a4b486ab89fae393a7e02c3244c') in 0.027563 seconds 
========================================================================
Received Prepare
Registering precompiled user dll's ...
Registered in 0.002114 seconds.
Begin MonoManager ReloadAssembly
Native extension for OSXStandalone target not found
Refreshing native plugins compatible for Editor in 0.46 ms, found 1 plugins.
Preloading 0 native plugins for Editor in 0.00 ms.
Mono: successfully reloaded assembly
- Completed reload, in  1.971 seconds
Platform modules already initialized, skipping
Refreshing native plugins compatible for Editor in 0.44 ms, found 1 plugins.
Preloading 0 native plugins for Editor in 0.00 ms.
Unloading 2664 Unused Serialized files (Serialized files now loaded: 0)
System memory in use before: 229.2 MB.
System memory in use after: 229.3 MB.

Unloading 10 unused Assets to reduce memory usage. Loaded Objects now: 3145.
Total: 1.638792 ms (FindLiveObjects: 0.276875 ms CreateObjectMapping: 0.060583 ms MarkObjects: 1.250500 ms  DeleteObjects: 0.050250 ms)

========================================================================
Received Prepare
Registering precompiled user dll's ...
Registered in 0.003660 seconds.
Begin MonoManager ReloadAssembly
Native extension for OSXStandalone target not found
Refreshing native plugins compatible for Editor in 0.58 ms, found 1 plugins.
Preloading 0 native plugins for Editor in 0.00 ms.
Mono: successfully reloaded assembly
- Completed reload, in  2.012 seconds
Platform modules already initialized, skipping
Refreshing native plugins compatible for Editor in 0.44 ms, found 1 plugins.
Preloading 0 native plugins for Editor in 0.00 ms.
Unloading 2664 Unused Serialized files (Serialized files now loaded: 0)
System memory in use before: 229.4 MB.
System memory in use after: 229.5 MB.

Unloading 10 unused Assets to reduce memory usage. Loaded Objects now: 3148.
Total: 1.669958 ms (FindLiveObjects: 0.221250 ms CreateObjectMapping: 0.063625 ms MarkObjects: 1.337500 ms  DeleteObjects: 0.046416 ms)

========================================================================
Received Import Request.
  Time since last request: 137.871747 seconds.
  path: Assets/Bullet.prefab
  artifactKey: Guid(7de37fa5b89d94aefa7640e360460f58) Importer(815301076,1909f56bfc062723c751e8b465ee728b)
Start importing Assets/Bullet.prefab using Guid(7de37fa5b89d94aefa7640e360460f58) Importer(815301076,1909f56bfc062723c751e8b465ee728b)  -> (artifact id: 'd8098815477f7fb815212b635f58640a') in 0.172071 seconds 
========================================================================
Received Prepare
Registering precompiled user dll's ...
Registered in 0.002093 seconds.
Begin MonoManager ReloadAssembly
Native extension for OSXStandalone target not found
Refreshing native plugins compatible for Editor in 0.46 ms, found 1 plugins.
Preloading 0 native plugins for Editor in 0.00 ms.
Mono: successfully reloaded assembly
- Completed reload, in  1.951 seconds
Platform modules already initialized, skipping
Refreshing native plugins compatible for Editor in 0.46 ms, found 1 plugins.
Preloading 0 native plugins for Editor in 0.00 ms.
Unloading 2664 Unused Serialized files (Serialized files now loaded: 0)
System memory in use before: 229.6 MB.
System memory in use after: 229.8 MB.

Unloading 10 unused Assets to reduce memory usage. Loaded Objects now: 3152.
Total: 2.709459 ms (FindLiveObjects: 0.374792 ms CreateObjectMapping: 0.060125 ms MarkObjects: 2.090375 ms  DeleteObjects: 0.183292 ms)

========================================================================
Received Prepare
Registering precompiled user dll's ...
Registered in 0.004720 seconds.
Begin MonoManager ReloadAssembly
Native extension for OSXStandalone target not found
Refreshing native plugins compatible for Editor in 0.44 ms, found 1 plugins.
Preloading 0 native plugins for Editor in 0.00 ms.
Mono: successfully reloaded assembly
- Completed reload, in  1.925 seconds
Platform modules already initialized, skipping
Refreshing native plugins compatible for Editor in 0.42 ms, found 1 plugins.
Preloading 0 native plugins for Editor in 0.00 ms.
Unloading 2664 Unused Serialized files (Serialized files now loaded: 0)
System memory in use before: 229.8 MB.
System memory in use after: 230.0 MB.

Unloading 10 unused Assets to reduce memory usage. Loaded Objects now: 3155.
Total: 1.390292 ms (FindLiveObjects: 0.206208 ms CreateObjectMapping: 0.055375 ms MarkObjects: 1.079750 ms  DeleteObjects: 0.048125 ms)

========================================================================
Received Prepare
Registering precompiled user dll's ...
Registered in 0.004725 seconds.
Begin MonoManager ReloadAssembly
Native extension for OSXStandalone target not found
Refreshing native plugins compatible for Editor in 0.50 ms, found 1 plugins.
Preloading 0 native plugins for Editor in 0.00 ms.
Mono: successfully reloaded assembly
- Completed reload, in  1.914 seconds
Platform modules already initialized, skipping
Refreshing native plugins compatible for Editor in 0.45 ms, found 1 plugins.
Preloading 0 native plugins for Editor in 0.00 ms.
Unloading 2664 Unused Serialized files (Serialized files now loaded: 0)
System memory in use before: 230.0 MB.
System memory in use after: 230.2 MB.

Unloading 10 unused Assets to reduce memory usage. Loaded Objects now: 3158.
Total: 1.581084 ms (FindLiveObjects: 0.235458 ms CreateObjectMapping: 0.056875 ms MarkObjects: 1.241667 ms  DeleteObjects: 0.046292 ms)

========================================================================
Received Prepare
Registering precompiled user dll's ...
Registered in 0.005077 seconds.
Begin MonoManager ReloadAssembly
Native extension for OSXStandalone target not found
Refreshing native plugins compatible for Editor in 0.44 ms, found 1 plugins.
Preloading 0 native plugins for Editor in 0.00 ms.
Mono: successfully reloaded assembly
- Completed reload, in  1.893 seconds
Platform modules already initialized, skipping
Refreshing native plugins compatible for Editor in 0.34 ms, found 1 plugins.
Preloading 0 native plugins for Editor in 0.00 ms.
Unloading 2664 Unused Serialized files (Serialized files now loaded: 0)
System memory in use before: 230.2 MB.
System memory in use after: 230.4 MB.

Unloading 10 unused Assets to reduce memory usage. Loaded Objects now: 3161.
Total: 1.416459 ms (FindLiveObjects: 0.164375 ms CreateObjectMapping: 0.053708 ms MarkObjects: 1.144542 ms  DeleteObjects: 0.053042 ms)

========================================================================
Received Prepare
Registering precompiled user dll's ...
Registered in 0.001273 seconds.
Begin MonoManager ReloadAssembly
Native extension for OSXStandalone target not found
Refreshing native plugins compatible for Editor in 0.46 ms, found 1 plugins.
Preloading 0 native plugins for Editor in 0.00 ms.
Mono: successfully reloaded assembly
- Completed reload, in  1.982 seconds
Platform modules already initialized, skipping
Refreshing native plugins compatible for Editor in 0.44 ms, found 1 plugins.
Preloading 0 native plugins for Editor in 0.00 ms.
Unloading 2664 Unused Serialized files (Serialized files now loaded: 0)
System memory in use before: 230.4 MB.
System memory in use after: 230.6 MB.

Unloading 10 unused Assets to reduce memory usage. Loaded Objects now: 3164.
Total: 1.481000 ms (FindLiveObjects: 0.196291 ms CreateObjectMapping: 0.055459 ms MarkObjects: 1.172042 ms  DeleteObjects: 0.056167 ms)

========================================================================
Received Prepare
Registering precompiled user dll's ...
Registered in 0.003999 seconds.
Begin MonoManager ReloadAssembly
Native extension for OSXStandalone target not found
Refreshing native plugins compatible for Editor in 0.82 ms, found 1 plugins.
Preloading 0 native plugins for Editor in 0.00 ms.
Mono: successfully reloaded assembly
- Completed reload, in  2.154 seconds
Platform modules already initialized, skipping
Refreshing native plugins compatible for Editor in 0.40 ms, found 1 plugins.
Preloading 0 native plugins for Editor in 0.00 ms.
Unloading 2664 Unused Serialized files (Serialized files now loaded: 0)
System memory in use before: 230.6 MB.
System memory in use after: 230.8 MB.

Unloading 10 unused Assets to reduce memory usage. Loaded Objects now: 3167.
Total: 3.559083 ms (FindLiveObjects: 0.389542 ms CreateObjectMapping: 0.099583 ms MarkObjects: 3.003084 ms  DeleteObjects: 0.065833 ms)

========================================================================
Received Import Request.
  Time since last request: 12899.800030 seconds.
  path: Assets/Bullet.mat
  artifactKey: Guid(cb7803c4c1d39422daed3d51aff7490f) Importer(815301076,1909f56bfc062723c751e8b465ee728b)
Start importing Assets/Bullet.mat using Guid(cb7803c4c1d39422daed3d51aff7490f) Importer(815301076,1909f56bfc062723c751e8b465ee728b)  -> (artifact id: 'dff8d85680f9619e921969882806a01c') in 0.484090 seconds 
